This is pdfeTeXk, Version 3.141592-1.11a-2.1 (Web2C 7.5.2) (format=pdflatex 2003.12.15)  9 SEP 2004 19:29
entering extended mode
 file:line:error style messages enabled.
 %&-line parsing enabled.
 (/usr/local/TeX/texmf/web2c/cp8bit.tcx)
**\nonstopmode \input /users/olefc/geoRglm/inst/doc/geoRglmintro.tex
(/users/olefc/geoRglm/inst/doc/geoRglmintro.tex
(/usr/local/TeX/texmf/tex/latex/base/article.cls
Document Class: article 2001/04/21 v1.4e Standard LaTeX document class
(/usr/local/TeX/texmf/tex/latex/base/size12.clo
File: size12.clo 2001/04/21 v1.4e Standard LaTeX file (size option)
)
\c@part=\count79
\c@section=\count80
\c@subsection=\count81
\c@subsubsection=\count82
\c@paragraph=\count83
\c@subparagraph=\count84
\c@figure=\count85
\c@table=\count86
\abovecaptionskip=\skip41
\belowcaptionskip=\skip42
\bibindent=\dimen102
)
(/usr/local/TeX/texmf/tex/latex/base/inputenc.sty
Package: inputenc 2001/07/10 v0.99a Input encoding file 

(/usr/local/TeX/texmf/tex/latex/base/latin1.def
File: latin1.def 2001/07/10 v0.99a Input encoding file 
))
(/usr/local/TeX/texmf/tex/latex/graphics/graphicx.sty
Package: graphicx 1999/02/16 v1.0f Enhanced LaTeX Graphics (DPC,SPQR)

(/usr/local/TeX/texmf/tex/latex/graphics/keyval.sty
Package: keyval 1999/03/16 v1.13 key=value parser (DPC)
\KV@toks@=\toks14
)
(/usr/local/TeX/texmf/tex/latex/graphics/graphics.sty
Package: graphics 2001/07/07 v1.0n Standard LaTeX Graphics (DPC,SPQR)

(/usr/local/TeX/texmf/tex/latex/graphics/trig.sty
Package: trig 1999/03/16 v1.09 sin cos tan (DPC)
)
(/usr/local/TeX/texmf/tex/latex/texlive/graphics.cfg
File: graphics.cfg 2001/08/31 v1.1 graphics configuration of teTeX/TeXLive
)
Package graphics Info: Driver file: dvips.def on input line 80.

(/usr/local/TeX/texmf/tex/latex/graphics/dvips.def
File: dvips.def 1999/02/16 v3.0i Driver-dependant file (DPC,SPQR)
))
\Gin@req@height=\dimen103
\Gin@req@width=\dimen104
)
(/usr/local/TeX/texmf/tex/latex/graphics/color.sty
Package: color 1999/02/16 v1.0i Standard LaTeX Color (DPC)

(/usr/local/TeX/texmf/tex/latex/texlive/color.cfg
File: color.cfg 2001/08/31 v1.1 color configuration of teTeX/TeXLive
)
Package color Info: Driver file: pdftex.def on input line 125.

(/usr/local/TeX/texmf/tex/latex/pdftexdef/pdftex.def
File: pdftex.def 2002/06/19 v0.03k graphics/color for pdftex
\Gread@gobject=\count87
))
(/usr/local/TeX/texmf/tex/latex/tools/enumerate.sty
Package: enumerate 1999/03/05 v3.00 enumerate extensions (DPC)
\@enLab=\toks15
)
(/usr/local/TeX/texmf/tex/latex/tools/longtable.sty
Package: longtable 2000/10/22 v4.10 Multi-page Table package (DPC)
\LTleft=\skip43
\LTright=\skip44
\LTpre=\skip45
\LTpost=\skip46
\LTchunksize=\count88
\LTcapwidth=\dimen105
\LT@head=\box26
\LT@firsthead=\box27
\LT@foot=\box28
\LT@lastfoot=\box29
\LT@cols=\count89
\LT@rows=\count90
\c@LT@tables=\count91
\c@LT@chunks=\count92
\LT@p@ftn=\toks16
)
(/usr/local/TeX/texmf/tex/generic/misc/texnames.sty
This is texnames.sty, Version 1.09 <16 March 1993>
) (/usr/local/TeX/texmf/tex/latex/lastpage/lastpage.sty
Package: lastpage 1994/06/25 v0.1b LaTeX2e package for refs to last page number
 (JPG)
)
(/usr/local/TeX/texmf/tex/latex/tools/verbatim.sty
Package: verbatim 2001/03/12 v1.5p LaTeX2e package for verbatim enhancements
\every@verbatim=\toks17
\verbatim@line=\toks18
\verbatim@in@stream=\read1
)
(/usr/local/TeX/texmf/tex/latex/fancyvrb/fancyvrb.sty
Package: fancyvrb 2000/03/21

Style option: `fancyvrb' v2.7, with DG/SPQR fixes <2000/03/21> (tvz)
\FV@CodeLineNo=\count93
\FV@InFile=\read2
\FV@TabBox=\box30
\c@FancyVerbLine=\count94
\FV@StepNumber=\count95
\FV@OutFile=\write3
)
(/users/olefc/local.1.9/lib/R/share/texmf/Sweave.sty
(/usr/local/TeX/texmf/tex/latex/base/fontenc.sty
Package: fontenc 2001/06/05 v1.94 Standard LaTeX package

(/usr/local/TeX/texmf/tex/latex/base/t1enc.def
File: t1enc.def 2001/06/05 v1.94 Standard LaTeX file
LaTeX Font Info:    Redeclaring font encoding T1 on input line 38.
))
(/usr/local/TeX/texmf/tex/latex/ae/ae.sty
Package: ae 2001/02/12 1.3 Almost European Computer Modern

(/usr/local/TeX/texmf/tex/latex/base/fontenc.sty
Package: fontenc 2001/06/05 v1.94 Standard LaTeX package

(/usr/local/TeX/texmf/tex/latex/base/t1enc.def
File: t1enc.def 2001/06/05 v1.94 Standard LaTeX file
LaTeX Font Info:    Redeclaring font encoding T1 on input line 38.
)
LaTeX Font Info:    Try loading font information for T1+aer on input line 95.

(/usr/local/TeX/texmf/tex/latex/ae/t1aer.fd
File: t1aer.fd 1997/11/16 Font definitions for T1/aer.
)))
(/users/olefc/local.1.9/lib/R/share/texmf/upquote.sty
Package: upquote 2003/08/11 v1.1 Covington's upright-quote modification to verb
atim and verb

(/usr/local/TeX/texmf/tex/latex/base/textcomp.sty
Package: textcomp 2001/06/05 v1.94 Standard LaTeX package

(/usr/local/TeX/texmf/tex/latex/base/ts1enc.def
File: ts1enc.def 2001/06/05 v3.0e (jk/car/fm) Standard LaTeX file
)))) (./geoRglmintro.aux)
\openout1 = `geoRglmintro.aux'.

LaTeX Font Info:    Checking defaults for OML/cmm/m/it on input line 55.
LaTeX Font Info:    ... okay on input line 55.
LaTeX Font Info:    Checking defaults for T1/cmr/m/n on input line 55.
LaTeX Font Info:    ... okay on input line 55.
LaTeX Font Info:    Checking defaults for OT1/cmr/m/n on input line 55.
LaTeX Font Info:    ... okay on input line 55.
LaTeX Font Info:    Checking defaults for OMS/cmsy/m/n on input line 55.
LaTeX Font Info:    ... okay on input line 55.
LaTeX Font Info:    Checking defaults for OMX/cmex/m/n on input line 55.
LaTeX Font Info:    ... okay on input line 55.
LaTeX Font Info:    Checking defaults for U/cmr/m/n on input line 55.
LaTeX Font Info:    ... okay on input line 55.
LaTeX Font Info:    Checking defaults for TS1/cmr/m/n on input line 55.
LaTeX Font Info:    Try loading font information for TS1+cmr on input line 55.

(/usr/local/TeX/texmf/tex/latex/base/ts1cmr.fd
File: ts1cmr.fd 1999/05/25 v2.5h Standard LaTeX font definitions
)
LaTeX Font Info:    ... okay on input line 55.

(/usr/local/TeX/texmf/tex/context/base/supp-pdf.tex
(/usr/local/TeX/texmf/tex/context/base/supp-mis.tex
loading : Context Support Macros / Miscellaneous 
\protectiondepth=\count96
\scratchcounter=\count97
\scratchtoks=\toks19
\scratchdimen=\dimen106
\scratchskip=\skip47
\scratchmuskip=\muskip10
\scratchbox=\box31
\scratchread=\read3
\scratchwrite=\write4
\zeropoint=\dimen107
\minusone=\count98
\thousandpoint=\dimen108
\emptytoks=\toks20
\nextbox=\box32
\nextdepth=\dimen109
\everyline=\toks21
\!!counta=\count99
\!!countb=\count100
\recursecounter=\count101
)
loading : Context Support Macros / PDF
\nofMPsegments=\count102
\nofMParguments=\count103
\everyMPtoPDFconversion=\toks22
)
LaTeX Font Info:    External font `cmex10' loaded for size
(Font)              <14.4> on input line 57.
LaTeX Font Info:    External font `cmex10' loaded for size
(Font)              <7> on input line 57.
LaTeX Font Info:    Try loading font information for T1+aess on input line 73.
 (/usr/local/TeX/texmf/tex/latex/ae/t1aess.fd
File: t1aess.fd 1997/11/16 Font definitions for T1/aess.
)
LaTeX Font Info:    Try loading font information for T1+aett on input line 75.

(/usr/local/TeX/texmf/tex/latex/ae/t1aett.fd
File: t1aett.fd 1997/11/16 Font definitions for T1/aett.
) [1

{/usr/local/TeX/texmf-var/fonts/map/pdftex/updmap/pdftex.map}]
<geoRglmintro-009.pdf, id=26, 433.62pt x 433.62pt>
File: geoRglmintro-009.pdf Graphic file (type pdf)
 <use geoRglmintro-009.pdf>

LaTeX Warning: `!h' float specifier changed to `!ht'.

[2] [3 <./geoRglmintro-009.pdf>] [4]
<geoRglmintro-013.pdf, id=48, 578.16pt x 289.08pt>
File: geoRglmintro-013.pdf Graphic file (type pdf)
 <use geoRglmintro-013.pdf>
[5 <./geoRglmintro-013.pdf>]
Overfull \hbox (6.17963pt too wide) in paragraph at lines 302--306
/aer12/Carlo stan-dard er-rors on the pre-dicted val-ues (/aett10@10.95pt/pred.
test2$mcmc.error/aer12/). Print-
 []

<geoRglmintro-017.pdf, id=61, 578.16pt x 289.08pt>
File: geoRglmintro-017.pdf Graphic file (type pdf)
 <use geoRglmintro-017.pdf>

LaTeX Warning: `!h' float specifier changed to `!ht'.


Overfull \hbox (8.26474pt too wide) in paragraph at lines 335--338
 /aebx12/Ex-er-cise /aer12/Bi-no-mial data can be spec-i-fied by /aett10@10.95p
t/fam-ily="binomial" /aer12/in /aett10@10.95pt/glsm.mcmc/aer12/.
 []

LaTeX Font Info:    External font `cmex10' loaded for size
(Font)              <12> on input line 346.
LaTeX Font Info:    External font `cmex10' loaded for size
(Font)              <8> on input line 346.
LaTeX Font Info:    External font `cmex10' loaded for size
(Font)              <6> on input line 346.

Overfull \hbox (4.9534pt too wide) in paragraph at lines 340--350
 /aebx12/Re-mark /aer12/In the clas-si-cal Gaus-sian model there ex-ist dif-fer
-ent krig-ing flavours
 []

[6]
Overfull \hbox (22.12578pt too wide) in paragraph at lines 355--358
/aer12/model is im-ple-mented by the func-tions /aett10@10.95pt/pois.krige.baye
s /aer12/and /aett10@10.95pt/bi-nom.krige.bayes/aer12/,
 []

[7 <./geoRglmintro-017.pdf>]
<geoRglmintro-021.pdf, id=84, 433.62pt x 144.54pt>
File: geoRglmintro-021.pdf Graphic file (type pdf)
 <use geoRglmintro-021.pdf>
[8 <./geoRglmintro-021.pdf>]
Overfull \hbox (5.29335pt too wide) in paragraph at lines 423--427
/aebx12/WARN-ING: RUN-NING THE NEXT COM-MAND CAN BE TIME-
 []

<geoRglmintro-024.pdf, id=100, 433.62pt x 144.54pt>
File: geoRglmintro-024.pdf Graphic file (type pdf)
 <use geoRglmintro-024.pdf>
[9 <./geoRglmintro-024.pdf>]
Overfull \hbox (13.98892pt too wide) in paragraph at lines 470--473
/aer12/Package  /aebx12/geoR-glm /aer12/also con-tain some func-tions for like-
li-hood in-fer-ence (MCMC-
 []

AED: lastpage setting LastPage [10] (./geoRglmintro.aux) ) 
Here is how much of TeX's memory you used:
 2333 strings out of 94971
 31925 string characters out of 1183041
 75637 words of memory out of 1525303
 5371 multiletter control sequences out of 10000+50000
 33444 words of font info for 75 fonts, out of 1000000 for 2000
 256 hyphenation exceptions out of 1000
 35i,7n,21p,279b,290s stack positions out of 5000i,500n,6000p,200000b,40000s
 115 PDF objects out of 300000
 0 named destinations out of 131072
 26 words of extra memory for PDF output out of 65536
{/usr/local/TeX/texmf
/dvips/tetex/bbad153f.enc}</usr/local/TeX/texmf/fonts/type1/bluesky/cm/cmsy8.pf
b>{/usr/local/TeX/texmf/dvips/tetex/f7b6d320.enc}</usr/local/TeX/texmf/fonts/ty
pe1/bluesky/cm/cmr8.pfb>{/usr/local/TeX/texmf/dvips/tetex/aae443f0.enc}</usr/lo
cal/TeX/texmf/fonts/type1/bluesky/cm/cmmi12.pfb>{/usr/local/TeX/texmf/dvips/tet
ex/09fbbfac.enc}</usr/local/TeX/texmf/fonts/type1/bluesky/cm/cmtt10.pfb></usr/l
ocal/TeX/texmf/fonts/type1/bluesky/cm/cmtt12.pfb></usr/local/TeX/texmf/fonts/ty
pe1/bluesky/cm/cmsltt10.pfb></usr/local/TeX/texmf/fonts/type1/bluesky/cm/cmss12
.pfb></usr/local/TeX/texmf/fonts/type1/bluesky/cm/cmr12.pfb>{/usr/local/TeX/tex
mf/dvips/tetex/74afc74c.enc}</usr/local/TeX/texmf/fonts/type1/bluesky/cm/cmti12
.pfb></usr/local/TeX/texmf/fonts/type1/bluesky/cm/cmr17.pfb></usr/local/TeX/tex
mf/fonts/type1/bluesky/cm/cmbx12.pfb>
Output written on geoRglmintro.pdf (10 pages, 170303 bytes).
